<!DOCTYPE html PUBLIC "-//W3C//DTD XHTML 1.1//EN" "https://www.w3.org/TR/xhtml11/DTD/xhtml11.dtd">
<html xmlns="https://www.w3.org/1999/xhtml">
<head>
<meta http-equiv="content-type" content="text/html; charset=UTF-8"/>
<title>TestNG Report</title>
<style type="text/css">table {margin-bottom:10px;border-collapse:collapse;empty-cells:show}th,td {border:1px solid #009;padding:.25em .5em}th {vertical-align:bottom}td {vertical-align:top}table a {font-weight:bold}.stripe td {background-color: #E6EBF9}.num {text-align:right}.passedodd td {background-color: #3F3}.passedeven td {background-color: #0A0}.skippedodd td {background-color: #DDD}.skippedeven td {background-color: #CCC}.failedodd td,.attn {background-color: #F33}.failedeven td,.stripe .attn {background-color: #D00}.stacktrace {white-space:pre;font-family:monospace}.totop {font-size:85%;text-align:center;border-bottom:2px solid #000}.invisible {display:none}</style>
</head>
<body>
<table>
<tr><th>Test</th><th># Passed</th><th># Skipped</th><th># Retried</th><th># Failed</th><th>Time (ms)</th><th>Included Groups</th><th>Excluded Groups</th></tr>
<tr><th colspan="8">Suite</th></tr>
<tr><td><a href="#t0">Test</a></td><td class="num">0</td><td class="num attn">2</td><td class="num">0</td><td class="num">0</td><td class="num">70</td><td>smoke</td><td></td></tr>
</table>
<table id='summary'><thead><tr><th>Class</th><th>Method</th><th>Start</th><th>Time (ms)</th></tr></thead><tbody><tr><th colspan="4">Suite</th></tr></tbody><tbody id="t0"><tr><th colspan="4">Test &#8212; failed (configuration methods)</th></tr><tr class="failedeven"><td rowspan="1">create_org.CreateOrg_Test</td><td><a href="#m0">configBS</a></td><td rowspan="1">1765956014543</td><td rowspan="1">9</td></tr><tr><th colspan="4">Test &#8212; skipped (configuration methods)</th></tr><tr class="skippedeven"><td rowspan="4">create_contact_vtiger.CreateContact_Test</td><td><a href="#m1">configAC</a></td><td rowspan="1">1765956014630</td><td rowspan="1">0</td></tr><tr class="skippedeven"><td><a href="#m2">configAM</a></td><td rowspan="1">1765956014625</td><td rowspan="1">0</td></tr><tr class="skippedeven"><td><a href="#m3">configBC</a></td><td rowspan="1">1765956014619</td><td rowspan="1">0</td></tr><tr class="skippedeven"><td><a href="#m4">configBM</a></td><td rowspan="1">1765956014621</td><td rowspan="1">0</td></tr><tr class="skippedodd"><td rowspan="5">create_org.CreateOrg_Test</td><td><a href="#m5">configAC</a></td><td rowspan="1">1765956014616</td><td rowspan="1">0</td></tr><tr class="skippedodd"><td><a href="#m6">configAM</a></td><td rowspan="1">1765956014610</td><td rowspan="1">0</td></tr><tr class="skippedodd"><td><a href="#m7">configAS</a></td><td rowspan="1">1765956014664</td><td rowspan="1">0</td></tr><tr class="skippedodd"><td><a href="#m8">configBC</a></td><td rowspan="1">1765956014580</td><td rowspan="1">0</td></tr><tr class="skippedodd"><td><a href="#m9">configBM</a></td><td rowspan="1">1765956014594</td><td rowspan="1">0</td></tr><tr><th colspan="4">Test &#8212; skipped</th></tr><tr class="skippedeven"><td rowspan="1">create_contact_vtiger.CreateContact_Test</td><td><a href="#m10">createContact</a></td><td rowspan="1">1765956014622</td><td rowspan="1">1</td></tr><tr class="skippedodd"><td rowspan="1">create_org.CreateOrg_Test</td><td><a href="#m11">createOrg_test</a></td><td rowspan="1">1765956014596</td><td rowspan="1">0</td></tr></tbody>
</table>
<h2>Test</h2><h3 id="m0">create_org.CreateOrg_Test#configBS</h3><table class="result"><tr><th>Exception</th></tr><tr><td><div class="stacktrace">java.lang.NullPointerException: Cannot invoke &quot;com.aventstack.extentreports.ExtentTest.log(com.aventstack.extentreports.Status, String)&quot; because the return value of &quot;com.generic.webdriverutilty.UtilityClassObject.getTest()&quot; is null
	at com.comcast.crm.utility.baseclass.BaseClass.configBS(BaseClass.java:43)
... Removed 17 stack frames</div></td></tr></table><p class="totop"><a href="#summary">back to summary</a></p>
<h3 id="m1">create_contact_vtiger.CreateContact_Test#configAC</h3><table class="result"><tr><th class="invisible"/></tr></table><p class="totop"><a href="#summary">back to summary</a></p>
<h3 id="m2">create_contact_vtiger.CreateContact_Test#configAM</h3><table class="result"><tr><th class="invisible"/></tr></table><p class="totop"><a href="#summary">back to summary</a></p>
<h3 id="m3">create_contact_vtiger.CreateContact_Test#configBC</h3><table class="result"><tr><th class="invisible"/></tr></table><p class="totop"><a href="#summary">back to summary</a></p>
<h3 id="m4">create_contact_vtiger.CreateContact_Test#configBM</h3><table class="result"><tr><th class="invisible"/></tr></table><p class="totop"><a href="#summary">back to summary</a></p>
<h3 id="m5">create_org.CreateOrg_Test#configAC</h3><table class="result"><tr><th class="invisible"/></tr></table><p class="totop"><a href="#summary">back to summary</a></p>
<h3 id="m6">create_org.CreateOrg_Test#configAM</h3><table class="result"><tr><th class="invisible"/></tr></table><p class="totop"><a href="#summary">back to summary</a></p>
<h3 id="m7">create_org.CreateOrg_Test#configAS</h3><table class="result"><tr><th class="invisible"/></tr></table><p class="totop"><a href="#summary">back to summary</a></p>
<h3 id="m8">create_org.CreateOrg_Test#configBC</h3><table class="result"><tr><th class="invisible"/></tr></table><p class="totop"><a href="#summary">back to summary</a></p>
<h3 id="m9">create_org.CreateOrg_Test#configBM</h3><table class="result"><tr><th class="invisible"/></tr></table><p class="totop"><a href="#summary">back to summary</a></p>
<h3 id="m10">create_contact_vtiger.CreateContact_Test#createContact</h3><table class="result"><tr><th>Exception</th></tr><tr><td><div class="stacktrace">java.lang.NullPointerException: Cannot invoke &quot;com.aventstack.extentreports.ExtentTest.log(com.aventstack.extentreports.Status, String)&quot; because the return value of &quot;com.generic.webdriverutilty.UtilityClassObject.getTest()&quot; is null
	at com.comcast.crm.utility.baseclass.BaseClass.configBS(BaseClass.java:43)
... Removed 17 stack frames</div></td></tr></table><p class="totop"><a href="#summary">back to summary</a></p>
<h3 id="m11">create_org.CreateOrg_Test#createOrg_test</h3><table class="result"><tr><th>Exception</th></tr><tr><td><div class="stacktrace">java.lang.NullPointerException: Cannot invoke &quot;com.aventstack.extentreports.ExtentTest.log(com.aventstack.extentreports.Status, String)&quot; because the return value of &quot;com.generic.webdriverutilty.UtilityClassObject.getTest()&quot; is null
	at com.comcast.crm.utility.baseclass.BaseClass.configBS(BaseClass.java:43)
... Removed 17 stack frames</div></td></tr></table><p class="totop"><a href="#summary">back to summary</a></p>
</body>
</html>
