<?xml version="1.0" encoding="UTF-8"?>
<testng-results ignored="4" total="8" passed="3" failed="1" skipped="0">
  <reporter-output>
  </reporter-output>
  <suite started-at="2025-12-15T13:06:30 IST" name="Suite" finished-at="2025-12-15T13:07:18 IST" duration-ms="47703">
    <groups>
      <group name="regression">
        <method signature="CreateContact_Test.createContactWithSupportDate_test()[pri:0, instance:create_contact_vtiger.CreateContact_Test@7dcf94f8]" name="createContactWithSupportDate_test" class="create_contact_vtiger.CreateContact_Test"/>
        <method signature="CreateContact_Test.createContactwithOrgIntegration_test()[pri:0, instance:create_contact_vtiger.CreateContact_Test@7dcf94f8]" name="createContactwithOrgIntegration_test" class="create_contact_vtiger.CreateContact_Test"/>
        <method signature="CreateOrg_Test.createOrg_with_Industry_test()[pri:0, instance:create_org.CreateOrg_Test@1f2586d6]" name="createOrg_with_Industry_test" class="create_org.CreateOrg_Test"/>
        <method signature="CreateOrg_Test.createOrg_with_PhoneNum_test()[pri:0, instance:create_org.CreateOrg_Test@1f2586d6]" name="createOrg_with_PhoneNum_test" class="create_org.CreateOrg_Test"/>
      </group> <!-- regression -->
    </groups>
    <test started-at="2025-12-15T13:06:30 IST" name="Test" finished-at="2025-12-15T13:07:18 IST" duration-ms="47703">
      <class name="create_contact_vtiger.CreateContact_Test">
        <test-method is-config="true" signature="configBC()[pri:0, instance:create_contact_vtiger.CreateContact_Test@7dcf94f8]" started-at="2025-12-15T13:06:51 IST" name="configBC" finished-at="2025-12-15T13:06:52 IST" duration-ms="775" status="PASS">
          <reporter-output>
          </reporter-output>
        </test-method> <!-- configBC -->
        <test-method is-config="true" signature="configBM()[pri:0, instance:create_contact_vtiger.CreateContact_Test@7dcf94f8]" started-at="2025-12-15T13:06:52 IST" name="configBM" finished-at="2025-12-15T13:06:55 IST" duration-ms="3445" status="PASS">
          <reporter-output>
          </reporter-output>
        </test-method> <!-- configBM -->
        <test-method signature="createContactWithSupportDate_test()[pri:0, instance:create_contact_vtiger.CreateContact_Test@7dcf94f8]" started-at="2025-12-15T13:06:55 IST" name="createContactWithSupportDate_test" finished-at="2025-12-15T13:07:02 IST" duration-ms="6995" status="FAIL">
          <exception class="java.lang.AssertionError">
            <message>
              <![CDATA[expected [2026-01-14] but found [   2026-01-14]]]>
            </message>
            <full-stacktrace>
              <![CDATA[java.lang.AssertionError: expected [2026-01-14] but found [   2026-01-14]
at org.testng.Assert.fail(Assert.java:110)
at org.testng.Assert.failNotEquals(Assert.java:1577)
at org.testng.Assert.assertEqualsImpl(Assert.java:149)
at org.testng.Assert.assertEquals(Assert.java:131)
at org.testng.Assert.assertEquals(Assert.java:655)
at org.testng.Assert.assertEquals(Assert.java:665)
at create_contact_vtiger.CreateContact_Test.createContactWithSupportDate_test(CreateContact_Test.java:90)
at java.base/jdk.internal.reflect.DirectMethodHandleAccessor.invoke(DirectMethodHandleAccessor.java:103)
at java.base/java.lang.reflect.Method.invoke(Method.java:580)
at org.testng.internal.invokers.MethodInvocationHelper.invokeMethod(MethodInvocationHelper.java:139)
at org.testng.internal.invokers.TestInvoker.invokeMethod(TestInvoker.java:677)
at org.testng.internal.invokers.TestInvoker.invokeTestMethod(TestInvoker.java:221)
at org.testng.internal.invokers.MethodRunner.runInSequence(MethodRunner.java:50)
at org.testng.internal.invokers.TestInvoker$MethodInvocationAgent.invoke(TestInvoker.java:969)
at org.testng.internal.invokers.TestInvoker.invokeTestMethods(TestInvoker.java:194)
at org.testng.internal.invokers.TestMethodWorker.invokeTestMethods(TestMethodWorker.java:148)
at org.testng.internal.invokers.TestMethodWorker.run(TestMethodWorker.java:128)
at java.base/java.util.ArrayList.forEach(ArrayList.java:1596)
at org.testng.TestRunner.privateRun(TestRunner.java:829)
at org.testng.TestRunner.run(TestRunner.java:602)
at org.testng.SuiteRunner.runTest(SuiteRunner.java:437)
at org.testng.SuiteRunner.runSequentially(SuiteRunner.java:431)
at org.testng.SuiteRunner.privateRun(SuiteRunner.java:391)
at org.testng.SuiteRunner.run(SuiteRunner.java:330)
at org.testng.SuiteRunnerWorker.runSuite(SuiteRunnerWorker.java:52)
at org.testng.SuiteRunnerWorker.run(SuiteRunnerWorker.java:95)
at org.testng.TestNG.runSuitesSequentially(TestNG.java:1256)
at org.testng.TestNG.runSuitesLocally(TestNG.java:1176)
at org.testng.TestNG.runSuites(TestNG.java:1099)
at org.testng.TestNG.run(TestNG.java:1067)
at org.testng.remote.AbstractRemoteTestNG.run(AbstractRemoteTestNG.java:115)
at org.testng.remote.RemoteTestNG.initAndRun(RemoteTestNG.java:293)
at org.testng.remote.RemoteTestNG.main(RemoteTestNG.java:91)
]]>
            </full-stacktrace>
          </exception> <!-- java.lang.AssertionError -->
          <reporter-output>
          </reporter-output>
        </test-method> <!-- createContactWithSupportDate_test -->
        <test-method is-config="true" signature="configAM()[pri:0, instance:create_contact_vtiger.CreateContact_Test@7dcf94f8]" started-at="2025-12-15T13:07:02 IST" name="configAM" finished-at="2025-12-15T13:07:03 IST" duration-ms="908" status="PASS">
          <reporter-output>
          </reporter-output>
        </test-method> <!-- configAM -->
        <test-method is-config="true" signature="configBM()[pri:0, instance:create_contact_vtiger.CreateContact_Test@7dcf94f8]" started-at="2025-12-15T13:07:03 IST" name="configBM" finished-at="2025-12-15T13:07:05 IST" duration-ms="1424" status="PASS">
          <reporter-output>
          </reporter-output>
        </test-method> <!-- configBM -->
        <test-method signature="createContactwithOrgIntegration_test()[pri:0, instance:create_contact_vtiger.CreateContact_Test@7dcf94f8]" started-at="2025-12-15T13:07:05 IST" name="createContactwithOrgIntegration_test" finished-at="2025-12-15T13:07:17 IST" duration-ms="11933" status="PASS">
          <reporter-output>
          </reporter-output>
        </test-method> <!-- createContactwithOrgIntegration_test -->
        <test-method is-config="true" signature="configAM()[pri:0, instance:create_contact_vtiger.CreateContact_Test@7dcf94f8]" started-at="2025-12-15T13:07:17 IST" name="configAM" finished-at="2025-12-15T13:07:18 IST" duration-ms="833" status="PASS">
          <reporter-output>
          </reporter-output>
        </test-method> <!-- configAM -->
        <test-method is-config="true" signature="configAC()[pri:0, instance:create_contact_vtiger.CreateContact_Test@7dcf94f8]" started-at="2025-12-15T13:07:18 IST" name="configAC" finished-at="2025-12-15T13:07:18 IST" duration-ms="149" status="PASS">
          <reporter-output>
          </reporter-output>
        </test-method> <!-- configAC -->
      </class> <!-- create_contact_vtiger.CreateContact_Test -->
      <class name="create_org.CreateOrg_Test">
        <test-method is-config="true" signature="configBS()[pri:0, instance:create_org.CreateOrg_Test@1f2586d6]" started-at="2025-12-15T13:06:30 IST" name="configBS" finished-at="2025-12-15T13:06:30 IST" duration-ms="6" status="PASS">
          <reporter-output>
          </reporter-output>
        </test-method> <!-- configBS -->
        <test-method is-config="true" signature="configBC()[pri:0, instance:create_org.CreateOrg_Test@1f2586d6]" started-at="2025-12-15T13:06:30 IST" name="configBC" finished-at="2025-12-15T13:06:31 IST" duration-ms="1370" status="PASS">
          <reporter-output>
          </reporter-output>
        </test-method> <!-- configBC -->
        <test-method is-config="true" signature="configBM()[pri:0, instance:create_org.CreateOrg_Test@1f2586d6]" started-at="2025-12-15T13:06:31 IST" name="configBM" finished-at="2025-12-15T13:06:35 IST" duration-ms="3550" status="PASS">
          <reporter-output>
          </reporter-output>
        </test-method> <!-- configBM -->
        <test-method signature="createOrg_with_Industry_test()[pri:0, instance:create_org.CreateOrg_Test@1f2586d6]" started-at="2025-12-15T13:06:35 IST" name="createOrg_with_Industry_test" finished-at="2025-12-15T13:06:43 IST" duration-ms="8494" status="PASS">
          <reporter-output>
          </reporter-output>
        </test-method> <!-- createOrg_with_Industry_test -->
        <test-method is-config="true" signature="configAM()[pri:0, instance:create_org.CreateOrg_Test@1f2586d6]" started-at="2025-12-15T13:06:44 IST" name="configAM" finished-at="2025-12-15T13:06:44 IST" duration-ms="850" status="PASS">
          <reporter-output>
          </reporter-output>
        </test-method> <!-- configAM -->
        <test-method is-config="true" signature="configBM()[pri:0, instance:create_org.CreateOrg_Test@1f2586d6]" started-at="2025-12-15T13:06:44 IST" name="configBM" finished-at="2025-12-15T13:06:46 IST" duration-ms="1358" status="PASS">
          <reporter-output>
          </reporter-output>
        </test-method> <!-- configBM -->
        <test-method signature="createOrg_with_PhoneNum_test()[pri:0, instance:create_org.CreateOrg_Test@1f2586d6]" started-at="2025-12-15T13:06:46 IST" name="createOrg_with_PhoneNum_test" finished-at="2025-12-15T13:06:50 IST" duration-ms="4400" status="PASS">
          <reporter-output>
          </reporter-output>
        </test-method> <!-- createOrg_with_PhoneNum_test -->
        <test-method is-config="true" signature="configAM()[pri:0, instance:create_org.CreateOrg_Test@1f2586d6]" started-at="2025-12-15T13:06:50 IST" name="configAM" finished-at="2025-12-15T13:06:51 IST" duration-ms="855" status="PASS">
          <reporter-output>
          </reporter-output>
        </test-method> <!-- configAM -->
        <test-method is-config="true" signature="configAC()[pri:0, instance:create_org.CreateOrg_Test@1f2586d6]" started-at="2025-12-15T13:06:51 IST" name="configAC" finished-at="2025-12-15T13:06:51 IST" duration-ms="141" status="PASS">
          <reporter-output>
          </reporter-output>
        </test-method> <!-- configAC -->
        <test-method is-config="true" signature="configAS()[pri:0, instance:create_org.CreateOrg_Test@1f2586d6]" started-at="2025-12-15T13:07:18 IST" name="configAS" finished-at="2025-12-15T13:07:18 IST" duration-ms="1" status="PASS">
          <reporter-output>
          </reporter-output>
        </test-method> <!-- configAS -->
      </class> <!-- create_org.CreateOrg_Test -->
    </test> <!-- Test -->
  </suite> <!-- Suite -->
</testng-results>
