<?xml version="1.0" encoding="UTF-8"?>
<!-- Generated by org.testng.reporters.JUnitReportReporter -->
<testsuite hostname="Preeti" failures="0" tests="2" name="create_org.CreateOrg_Test" time="19.507" errors="0" timestamp="2025-12-15T13:07:18 IST" skipped="0">
  <testcase classname="create_org.CreateOrg_Test" name="createOrg_with_Industry_test" time="12.894"/>
  <system-out/>
  <testcase classname="create_org.CreateOrg_Test" name="createOrg_with_PhoneNum_test" time="6.613"/>
  <system-out/>
</testsuite> <!-- create_org.CreateOrg_Test -->
