<?xml version="1.0" encoding="UTF-8"?>
<!-- Generated by org.testng.reporters.JUnitReportReporter -->
<testsuite hostname="Preeti" failures="0" tests="3" name="create_org.CreateOrg" time="38.817" errors="0" timestamp="2025-12-05T14:30:43 IST" skipped="0">
  <testcase classname="create_org.CreateOrg" name="createOrg_with_PhoneNum_test" time="11.870"/>
  <testcase classname="create_org.CreateOrg" name="createOrg_with_Industry_test" time="13.911"/>
  <testcase classname="create_org.CreateOrg" name="createOrg_test" time="13.036"/>
</testsuite> <!-- create_org.CreateOrg -->
