<?xml version="1.0" encoding="UTF-8"?>
<!-- Generated by org.testng.reporters.JUnitXMLReporter -->
<testsuite ignored="2" hostname="Preeti" failures="0" tests="6" name="Test3" time="94.804" errors="0" timestamp="2025-12-08T13:17:56 IST">
  <testcase classname="create_org.CreateOrg_Test" name="createOrg_test" time="13.486"/>
  <testcase classname="create_org.CreateOrg_Test" name="createOrg_with_Industry_test" time="12.443"/>
  <testcase classname="create_org.CreateOrg_Test" name="createOrg_with_PhoneNum_test" time="6.367"/>
  <testcase classname="create_contact_vtiger.CreateContact_test" name="createContactWithSupportDate_test" time="8.731"/>
  <testcase classname="create_contact_vtiger.CreateContact_test" name="createContact_test" time="8.034"/>
  <testcase classname="create_contact_vtiger.CreateContact_test" name="createContactwithOrgIntegration_test" time="14.835"/>
  <testcase classname="com.comcast.crm.utility.baseclass.BaseClass" name="@BeforeSuite configBS" time="0.0">
    <ignored/>
  </testcase> <!-- @BeforeSuite configBS -->
  <testcase classname="com.comcast.crm.utility.baseclass.BaseClass" name="@AfterSuite configAS" time="0.0">
    <ignored/>
  </testcase> <!-- @AfterSuite configAS -->
</testsuite> <!-- Test3 -->
