<?xml version="1.0" encoding="UTF-8"?>
<!-- Generated by org.testng.reporters.JUnitXMLReporter -->
<testsuite ignored="6" hostname="Preeti" failures="0" tests="2" name="Test" time="0.07" errors="0" timestamp="2025-12-17T12:50:14 IST">
  <testcase classname="com.comcast.crm.utility.baseclass.BaseClass" name="@BeforeSuite configBS" time="0.009">
    <failure type="java.lang.NullPointerException" message="Cannot invoke &amp;quot;com.aventstack.extentreports.ExtentTest.log(com.aventstack.extentreports.Status, String)&amp;quot; because the return value of &amp;quot;com.generic.webdriverutilty.UtilityClassObject.getTest()&amp;quot; is null">
      <![CDATA[java.lang.NullPointerException: Cannot invoke "com.aventstack.extentreports.ExtentTest.log(com.aventstack.extentreports.Status, String)" because the return value of "com.generic.webdriverutilty.UtilityClassObject.getTest()" is null
at com.comcast.crm.utility.baseclass.BaseClass.configBS(BaseClass.java:43)
... Removed 17 stack frames]]>
    </failure>
  </testcase> <!-- @BeforeSuite configBS -->
  <testcase classname="com.comcast.crm.utility.baseclass.BaseClass" name="@BeforeClass configBC" time="0.0">
    <skipped/>
  </testcase> <!-- @BeforeClass configBC -->
  <testcase classname="com.comcast.crm.utility.baseclass.BaseClass" name="@BeforeMethod configBM" time="0.0">
    <skipped/>
  </testcase> <!-- @BeforeMethod configBM -->
  <testcase classname="com.comcast.crm.utility.baseclass.BaseClass" name="@AfterMethod configAM" time="0.0">
    <skipped/>
  </testcase> <!-- @AfterMethod configAM -->
  <testcase classname="com.comcast.crm.utility.baseclass.BaseClass" name="@AfterClass configAC" time="0.0">
    <skipped/>
  </testcase> <!-- @AfterClass configAC -->
  <testcase classname="com.comcast.crm.utility.baseclass.BaseClass" name="@BeforeClass configBC" time="0.0">
    <skipped/>
  </testcase> <!-- @BeforeClass configBC -->
  <testcase classname="com.comcast.crm.utility.baseclass.BaseClass" name="@BeforeMethod configBM" time="0.0">
    <skipped/>
  </testcase> <!-- @BeforeMethod configBM -->
  <testcase classname="com.comcast.crm.utility.baseclass.BaseClass" name="@AfterMethod configAM" time="0.0">
    <skipped/>
  </testcase> <!-- @AfterMethod configAM -->
  <testcase classname="com.comcast.crm.utility.baseclass.BaseClass" name="@AfterClass configAC" time="0.0">
    <skipped/>
  </testcase> <!-- @AfterClass configAC -->
  <testcase classname="create_org.CreateOrg_Test" name="createOrg_test" time="0.0">
    <skipped/>
  </testcase> <!-- createOrg_test -->
  <testcase classname="create_contact_vtiger.CreateContact_Test" name="createContact" time="0.001">
    <skipped/>
  </testcase> <!-- createContact -->
  <testcase classname="create_org.CreateOrg_Test" name="createOrg_with_Industry_test" time="0.0">
    <ignored/>
  </testcase> <!-- createOrg_with_Industry_test -->
  <testcase classname="create_contact_vtiger.CreateContact_Test" name="createContactwithOrgIntegration_test" time="0.0">
    <ignored/>
  </testcase> <!-- createContactwithOrgIntegration_test -->
  <testcase classname="com.comcast.crm.utility.baseclass.BaseClass" name="@AfterSuite configAS" time="0.0">
    <ignored/>
  </testcase> <!-- @AfterSuite configAS -->
  <testcase classname="create_contact_vtiger.CreateContact_Test" name="createContactWithSupportDate_test" time="0.0">
    <ignored/>
  </testcase> <!-- createContactWithSupportDate_test -->
  <testcase classname="create_org.CreateOrg_Test" name="createOrg_with_PhoneNum_test" time="0.0">
    <ignored/>
  </testcase> <!-- createOrg_with_PhoneNum_test -->
  <testcase classname="com.comcast.crm.utility.baseclass.BaseClass" name="@BeforeSuite configBS" time="0.0">
    <ignored/>
  </testcase> <!-- @BeforeSuite configBS -->
</testsuite> <!-- Test -->
