<?xml version="1.0" encoding="UTF-8"?>
<!-- Generated by org.testng.reporters.JUnitXMLReporter -->
<testsuite ignored="4" hostname="Preeti" failures="1" tests="4" name="Test" time="47.703" errors="0" timestamp="2025-12-15T13:07:18 IST">
  <testcase classname="create_org.CreateOrg_Test" name="createOrg_with_Industry_test" time="8.494"/>
  <testcase classname="create_org.CreateOrg_Test" name="createOrg_with_PhoneNum_test" time="4.4"/>
  <testcase classname="create_contact_vtiger.CreateContact_Test" name="createContactWithSupportDate_test" time="6.995">
    <failure type="java.lang.AssertionError" message="expected [2026-01-14] but found [   2026-01-14]">
      <![CDATA[java.lang.AssertionError: expected [2026-01-14] but found [   2026-01-14]
at create_contact_vtiger.CreateContact_Test.createContactWithSupportDate_test(CreateContact_Test.java:90)
at java.base/java.util.ArrayList.forEach(ArrayList.java:1596)
... Removed 31 stack frames]]>
    </failure>
  </testcase> <!-- createContactWithSupportDate_test -->
  <testcase classname="create_contact_vtiger.CreateContact_Test" name="createContactwithOrgIntegration_test" time="11.933"/>
  <testcase classname="create_org.CreateOrg_Test" name="createOrg_test" time="0.0">
    <ignored/>
  </testcase> <!-- createOrg_test -->
  <testcase classname="create_contact_vtiger.CreateContact_Test" name="createContact" time="0.0">
    <ignored/>
  </testcase> <!-- createContact -->
  <testcase classname="com.comcast.crm.utility.baseclass.BaseClass" name="@AfterSuite configAS" time="0.0">
    <ignored/>
  </testcase> <!-- @AfterSuite configAS -->
  <testcase classname="com.comcast.crm.utility.baseclass.BaseClass" name="@BeforeSuite configBS" time="0.0">
    <ignored/>
  </testcase> <!-- @BeforeSuite configBS -->
</testsuite> <!-- Test -->
