<?xml version="1.0" encoding="UTF-8"?>
<!-- Generated by org.testng.reporters.JUnitXMLReporter -->
<testsuite ignored="0" hostname="Preeti" failures="0" tests="3" name="Test1" time="34.072" errors="0" timestamp="2025-12-11T12:44:11 IST">
  <testcase classname="create_org.CreateOrg_Test" name="createOrg_test" time="6.332"/>
  <testcase classname="create_org.CreateOrg_Test" name="createOrg_with_Industry_test" time="8.866"/>
  <testcase classname="create_org.CreateOrg_Test" name="createOrg_with_PhoneNum_test" time="6.255"/>
</testsuite> <!-- Test1 -->
