<?xml version="1.0" encoding="UTF-8"?>
<!-- Generated by org.testng.reporters.JUnitXMLReporter -->
<testsuite ignored="0" hostname="Preeti" failures="1" tests="3" name="Test2" time="44.394" errors="0" timestamp="2025-12-11T12:44:21 IST">
  <testcase classname="create_contact_vtiger.CreateContact_test" name="createContactWithSupportDate_test" time="13.292">
    <failure type="java.lang.AssertionError" message="expected [2026-01-10] but found [   2026-01-10]">
      <![CDATA[java.lang.AssertionError: expected [2026-01-10] but found [   2026-01-10]
at create_contact_vtiger.CreateContact_test.createContactWithSupportDate_test(CreateContact_test.java:112)
at java.base/java.util.ArrayList.forEach(ArrayList.java:1596)
at java.base/java.util.concurrent.FutureTask.run(FutureTask.java:317)
at java.base/java.util.concurrent.ThreadPoolExecutor.runWorker(ThreadPoolExecutor.java:1144)
at java.base/java.util.concurrent.ThreadPoolExecutor$Worker.run(ThreadPoolExecutor.java:642)
at java.base/java.lang.Thread.run(Thread.java:1583)
... Removed 21 stack frames]]>
    </failure>
  </testcase> <!-- createContactWithSupportDate_test -->
  <testcase classname="create_contact_vtiger.CreateContact_test" name="createContact_test" time="5.556"/>
  <testcase classname="create_contact_vtiger.CreateContact_test" name="createContactwithOrgIntegration_test" time="15.415"/>
</testsuite> <!-- Test2 -->
